2023-09-23 13:02:43.323 [info] Log level: Info
2023-09-23 13:02:43.323 [info] Validating found git in: "git"
2023-09-23 13:02:43.323 [info] Using git "2.40.1" from "git"
2023-09-23 13:02:43.332 [info] > git rev-parse --show-toplevel [12ms]
2023-09-23 13:02:43.379 [info] > git rev-parse --git-dir --git-common-dir [12ms]
2023-09-23 13:02:43.411 [info] Open repository: /home/jan/.config
2023-09-23 13:02:43.447 [info] > git rev-parse --show-toplevel [17ms]
2023-09-23 13:02:43.470 [info] > git rev-parse --show-toplevel [7ms]
2023-09-23 13:02:43.486 [info] > git config --get commit.template [40ms]
2023-09-23 13:02:43.497 [info] > git rev-parse --show-toplevel [13ms]
2023-09-23 13:02:43.528 [info] > git rev-parse --show-toplevel [18ms]
2023-09-23 13:02:43.542 [info] > git for-each-ref --format=%(refname)%00%(upstream:short)%00%(objectname)%00%(upstream:track)%00%(upstream:remotename)%00%(upstream:remoteref) refs/heads/master refs/remotes/master [17ms]
2023-09-23 13:02:43.561 [info] > git rev-parse --show-toplevel [21ms]
2023-09-23 13:02:43.576 [info] > git status -z -uall [18ms]
2023-09-23 13:02:43.634 [info] > git rev-parse --show-toplevel [61ms]
2023-09-23 13:02:43.651 [info] > git config --get commit.template [19ms]
2023-09-23 13:02:43.652 [info] > git rev-parse --show-toplevel [5ms]
2023-09-23 13:02:43.700 [info] > git rev-parse --show-toplevel [34ms]
2023-09-23 13:02:43.830 [info] > git rev-parse --show-toplevel [115ms]
2023-09-23 13:02:43.846 [info] > git for-each-ref --format=%(refname)%00%(upstream:short)%00%(objectname)%00%(upstream:track)%00%(upstream:remotename)%00%(upstream:remoteref) refs/heads/master refs/remotes/master [161ms]
2023-09-23 13:02:43.862 [info] > git rev-parse --show-toplevel [20ms]
2023-09-23 13:02:43.881 [info] > git status -z -uall [24ms]
2023-09-23 13:02:43.882 [info] > git rev-parse --show-toplevel [8ms]
2023-09-23 13:02:43.909 [info] > git rev-parse --show-toplevel [15ms]
2023-09-23 13:02:43.927 [info] > git rev-parse --show-toplevel [4ms]
2023-09-23 13:02:43.940 [info] > git rev-parse --show-toplevel [3ms]
2023-09-23 13:02:43.953 [info] > git rev-parse --show-toplevel [2ms]
2023-09-23 13:02:43.967 [info] > git rev-parse --show-toplevel [2ms]
2023-09-23 13:02:43.985 [info] > git rev-parse --show-toplevel [8ms]
2023-09-23 13:02:44.100 [info] > git check-ignore -v -z --stdin [83ms]
2023-09-23 13:02:44.102 [info] > git rev-parse --show-toplevel [103ms]
2023-09-23 13:02:44.118 [info] > git rev-parse --show-toplevel [5ms]
2023-09-23 13:02:44.133 [info] > git rev-parse --show-toplevel [3ms]
2023-09-23 13:02:44.146 [info] > git rev-parse --show-toplevel [3ms]
2023-09-23 13:02:52.306 [info] > git check-ignore -v -z --stdin [7ms]
2023-09-23 13:02:55.951 [info] > git config --get commit.template [17ms]
2023-09-23 13:02:55.954 [info] > git for-each-ref --format=%(refname)%00%(upstream:short)%00%(objectname)%00%(upstream:track)%00%(upstream:remotename)%00%(upstream:remoteref) refs/heads/master refs/remotes/master [5ms]
2023-09-23 13:02:55.984 [info] > git status -z -uall [17ms]
2023-09-23 13:02:57.776 [info] > git show --textconv :fish/config.fish [23ms]
2023-09-23 13:02:57.780 [info] > git ls-files --stage -- /home/jan/.config/fish/config.fish [5ms]
2023-09-23 13:02:57.840 [info] > git cat-file -s 44975d751135cbb36333d040c6ad6754e4f1cf55 [42ms]
2023-09-23 13:03:01.037 [info] > git config --get commit.template [15ms]
2023-09-23 13:03:01.038 [info] > git for-each-ref --format=%(refname)%00%(upstream:short)%00%(objectname)%00%(upstream:track)%00%(upstream:remotename)%00%(upstream:remoteref) refs/heads/master refs/remotes/master [3ms]
2023-09-23 13:03:01.070 [info] > git status -z -uall [17ms]
2023-09-23 13:03:06.122 [info] > git config --get commit.template [9ms]
2023-09-23 13:03:06.162 [info] > git for-each-ref --format=%(refname)%00%(upstream:short)%00%(objectname)%00%(upstream:track)%00%(upstream:remotename)%00%(upstream:remoteref) refs/heads/master refs/remotes/master [12ms]
2023-09-23 13:03:06.240 [info] > git status -z -uall [16ms]
2023-09-23 13:03:12.479 [info] > git config --get commit.template [17ms]
2023-09-23 13:03:12.489 [info] > git for-each-ref --format=%(refname)%00%(upstream:short)%00%(objectname)%00%(upstream:track)%00%(upstream:remotename)%00%(upstream:remoteref) refs/heads/master refs/remotes/master [11ms]
2023-09-23 13:03:12.528 [info] > git status -z -uall [25ms]
